<?xml version="1.0" encoding="UTF-8"?>
<testng-results skipped="0" failed="0" ignored="0" total="1" passed="1">
  <reporter-output>
  </reporter-output>
  <suite name="org.pthaks.Maven2.AppTest" duration-ms="20" started-at="2017-01-06T09:07:38Z" finished-at="2017-01-06T09:07:38Z">
    <groups>
    </groups>
    <test name="Command line test" duration-ms="20" started-at="2017-01-06T09:07:38Z" finished-at="2017-01-06T09:07:38Z">
      <class name="org.pthaks.Maven2.AppTest">
        <test-method status="PASS" signature="pfunc()[pri:0, instance:org.pthaks.Maven2.AppTest@1554909b]" name="pfunc" duration-ms="10" started-at="2017-01-06T14:37:38Z" finished-at="2017-01-06T14:37:38Z">
          <reporter-output>
          </reporter-output>
        </test-method> <!-- pfunc -->
      </class> <!-- org.pthaks.Maven2.AppTest -->
    </test> <!-- Command line test -->
  </suite> <!-- org.pthaks.Maven2.AppTest -->
</testng-results>
