<?xml version="1.0" encoding="UTF-8"?>
<testng-results skipped="0" failed="0" ignored="0" total="1" passed="1">
  <reporter-output>
  </reporter-output>
  <suite name="org.pthaks.Maven2.AppTest" duration-ms="17884" started-at="2017-01-09T08:40:11Z" finished-at="2017-01-09T08:40:28Z">
    <groups>
    </groups>
    <test name="Command line test" duration-ms="17884" started-at="2017-01-09T08:40:11Z" finished-at="2017-01-09T08:40:28Z">
      <class name="org.pthaks.Maven2.AppTest">
        <test-method status="PASS" signature="pfunc()[pri:0, instance:org.pthaks.Maven2.AppTest@5ebec15]" name="pfunc" duration-ms="17861" started-at="2017-01-09T14:10:11Z" finished-at="2017-01-09T14:10:28Z">
          <reporter-output>
          </reporter-output>
        </test-method> <!-- pfunc -->
      </class> <!-- org.pthaks.Maven2.AppTest -->
    </test> <!-- Command line test -->
  </suite> <!-- org.pthaks.Maven2.AppTest -->
</testng-results>
