<?xml version="1.0" encoding="UTF-8"?>
<testng-results skipped="0" failed="0" ignored="0" total="1" passed="1">
  <reporter-output>
  </reporter-output>
  <suite name="Suite1" duration-ms="21" started-at="2017-01-06T08:55:13Z" finished-at="2017-01-06T08:55:13Z">
    <groups>
    </groups>
    <test name="Tests" duration-ms="21" started-at="2017-01-06T08:55:13Z" finished-at="2017-01-06T08:55:13Z">
      <class name="org.pthaks.Maven2.AppTest">
        <test-method status="PASS" signature="pfunc()[pri:0, instance:org.pthaks.Maven2.AppTest@724af044]" name="pfunc" duration-ms="8" started-at="2017-01-06T14:25:13Z" finished-at="2017-01-06T14:25:13Z">
          <reporter-output>
          </reporter-output>
        </test-method> <!-- pfunc -->
      </class> <!-- org.pthaks.Maven2.AppTest -->
    </test> <!-- Tests -->
  </suite> <!-- Suite1 -->
</testng-results>
